-------------------------------------------------------------------------------
Test set: com.javatechie.spring.batch.BatchProcessingDemoApplicationTests
-------------------------------------------------------------------------------
Tests run: 1, Failures: 0, Errors: 1, Skipped: 0, Time elapsed: 3.272 s <<< FAILURE! - in com.javatechie.spring.batch.BatchProcessingDemoApplicationTests
contextLoads  Time elapsed: 0.013 s  <<< ERROR!
java.lang.IllegalStateException: Failed to load ApplicationContext
Caused by: org.springframework.beans.factory.UnsatisfiedDependencyException: Error creating bean with name 'jobController': Unsatisfied dependency expressed through field 'job'; nested exception is org.springframework.beans.factory.BeanCreationException: Error creating bean with name 'runJob' defined in class path resource [com/javatechie/spring/batch/config/SpringBatchConfig.class]: Bean instantiation via factory method failed; nested exception is org.springframework.beans.BeanInstantiationException: Failed to instantiate [org.springframework.batch.core.Job]: Factory method 'runJob' threw exception; nested exception is java.lang.NullPointerException: Cannot invoke "org.springframework.batch.core.configuration.annotation.JobBuilderFactory.get(String)" because "this.jobBuilderFactory" is null
Caused by: org.springframework.beans.factory.BeanCreationException: Error creating bean with name 'runJob' defined in class path resource [com/javatechie/spring/batch/config/SpringBatchConfig.class]: Bean instantiation via factory method failed; nested exception is org.springframework.beans.BeanInstantiationException: Failed to instantiate [org.springframework.batch.core.Job]: Factory method 'runJob' threw exception; nested exception is java.lang.NullPointerException: Cannot invoke "org.springframework.batch.core.configuration.annotation.JobBuilderFactory.get(String)" because "this.jobBuilderFactory" is null
Caused by: org.springframework.beans.BeanInstantiationException: Failed to instantiate [org.springframework.batch.core.Job]: Factory method 'runJob' threw exception; nested exception is java.lang.NullPointerException: Cannot invoke "org.springframework.batch.core.configuration.annotation.JobBuilderFactory.get(String)" because "this.jobBuilderFactory" is null
Caused by: java.lang.NullPointerException: Cannot invoke "org.springframework.batch.core.configuration.annotation.JobBuilderFactory.get(String)" because "this.jobBuilderFactory" is null

